[2017-01-11 08:02:57] local.ERROR: exception 'InvalidArgumentException' with message 'View [index.index] not found.' in D:\wamp\www\laravel5.2_forum\vendor\laravel\framework\src\Illuminate\View\FileViewFinder.php:137
Stack trace:
#0 D:\wamp\www\laravel5.2_forum\vendor\laravel\framework\src\Illuminate\View\FileViewFinder.php(79): Illuminate\View\FileViewFinder->findInPaths('index.index', Array)
#1 D:\wamp\www\laravel5.2_forum\vendor\laravel\framework\src\Illuminate\View\Factory.php(151): Illuminate\View\FileViewFinder->find('index.index')
#2 D:\wamp\www\laravel5.2_forum\vendor\laravel\framework\src\Illuminate\Foundation\helpers.php(779): Illuminate\View\Factory->make('index.index', Array, Array)
#3 D:\wamp\www\laravel5.2_forum\app\Http\Controllers\Index\IndexController.php(55): view('index.index', Array)
#4 [internal function]: App\Http\Controllers\Index\IndexController->index()
#5 D:\wamp\www\laravel5.2_forum\vendor\laravel\framework\src\Illuminate\Routing\Controller.php(78): call_user_func_array(Array, Array)
#6 D:\wamp\www\laravel5.2_forum\vendor\laravel\framework\src\Illuminate\Routing\ControllerDispatcher.php(146): Illuminate\Routing\Controller->callAction('index', Array)
#7 D:\wamp\www\laravel5.2_forum\vendor\laravel\framework\src\Illuminate\Routing\ControllerDispatcher.php(94): Illuminate\Routing\ControllerDispatcher->call(Object(App\Http\Controllers\Index\IndexController), Object(Illuminate\Routing\Route), 'index')
#8 [internal function]: Illuminate\Routing\ControllerDispatcher->Illuminate\Routing\{closure}(Object(Illuminate\Http\Request))
#9 D:\wamp\www\laravel5.2_forum\vendor\laravel\framework\src\Illuminate\Routing\Pipeline.php(52): call_user_func(Object(Closure), Object(Illuminate\Http\Request))
#10 [internal function]: Illuminate\Routing\Pipeline->Illuminate\Routing\{closure}(Object(Illuminate\Http\Request))
#11 D:\wamp\www\laravel5.2_forum\vendor\laravel\framework\src\Illuminate\Pipeline\Pipeline.php(103): call_user_func(Object(Closure), Object(Illuminate\Http\Request))
#12 D:\wamp\www\laravel5.2_forum\vendor\laravel\framework\src\Illuminate\Routing\ControllerDispatcher.php(96): Illuminate\Pipeline\Pipeline->then(Object(Closure))
#13 D:\wamp\www\laravel5.2_forum\vendor\laravel\framework\src\Illuminate\Routing\ControllerDispatcher.php(54): Illuminate\Routing\ControllerDispatcher->callWithinStack(Object(App\Http\Controllers\Index\IndexController), Object(Illuminate\Routing\Route), Object(Illuminate\Http\Request), 'index')
#14 D:\wamp\www\laravel5.2_forum\vendor\laravel\framework\src\Illuminate\Routing\Route.php(174): Illuminate\Routing\ControllerDispatcher->dispatch(Object(Illuminate\Routing\Route), Object(Illuminate\Http\Request), 'App\\Http\\Contro...', 'index')
#15 D:\wamp\www\laravel5.2_forum\vendor\laravel\framework\src\Illuminate\Routing\Route.php(140): Illuminate\Routing\Route->runController(Object(Illuminate\Http\Request))
#16 D:\wamp\www\laravel5.2_forum\vendor\laravel\framework\src\Illuminate\Routing\Router.php(724): Illuminate\Routing\Route->run(Object(Illuminate\Http\Request))
#17 [internal function]: Illuminate\Routing\Router->Illuminate\Routing\{closure}(Object(Illuminate\Http\Request))
#18 D:\wamp\www\laravel5.2_forum\vendor\laravel\framework\src\Illuminate\Routing\Pipeline.php(52): call_user_func(Object(Closure), Object(Illuminate\Http\Request))
#19 D:\wamp\www\laravel5.2_forum\app\Http\Middleware\IndexNavigation.php(24): Illuminate\Routing\Pipeline->Illuminate\Routing\{closure}(Object(Illuminate\Http\Request))
#20 [internal function]: App\Http\Middleware\IndexNavigation->handle(Object(Illuminate\Http\Request), Object(Closure))
#21 D:\wamp\www\laravel5.2_forum\vendor\laravel\framework\src\Illuminate\Pipeline\Pipeline.php(124): call_user_func_array(Array, Array)
#22 [internal function]: Illuminate\Pipeline\Pipeline->Illuminate\Pipeline\{closure}(Object(Illuminate\Http\Request))
#23 D:\wamp\www\laravel5.2_forum\vendor\laravel\framework\src\Illuminate\Routing\Pipeline.php(32): call_user_func(Object(Closure), Object(Illuminate\Http\Request))
#24 D:\wamp\www\laravel5.2_forum\vendor\laravel\framework\src\Illuminate\Foundation\Http\Middleware\VerifyCsrfToken.php(64): Illuminate\Routing\Pipeline->Illuminate\Routing\{closure}(Object(Illuminate\Http\Request))
#25 [internal function]: Illuminate\Foundation\Http\Middleware\VerifyCsrfToken->handle(Object(Illuminate\Http\Request), Object(Closure))
#26 D:\wamp\www\laravel5.2_forum\vendor\laravel\framework\src\Illuminate\Pipeline\Pipeline.php(124): call_user_func_array(Array, Array)
#27 [internal function]: Illuminate\Pipeline\Pipeline->Illuminate\Pipeline\{closure}(Object(Illuminate\Http\Request))
#28 D:\wamp\www\laravel5.2_forum\vendor\laravel\framework\src\Illuminate\Routing\Pipeline.php(32): call_user_func(Object(Closure), Object(Illuminate\Http\Request))
#29 D:\wamp\www\laravel5.2_forum\vendor\laravel\framework\src\Illuminate\View\Middleware\ShareErrorsFromSession.php(49): Illuminate\Routing\Pipeline->Illuminate\Routing\{closure}(Object(Illuminate\Http\Request))
#30 [internal function]: Illuminate\View\Middleware\ShareErrorsFromSession->handle(Object(Illuminate\Http\Request), Object(Closure))
#31 D:\wamp\www\laravel5.2_forum\vendor\laravel\framework\src\Illuminate\Pipeline\Pipeline.php(124): call_user_func_array(Array, Array)
#32 [internal function]: Illuminate\Pipeline\Pipeline->Illuminate\Pipeline\{closure}(Object(Illuminate\Http\Request))
#33 D:\wamp\www\laravel5.2_forum\vendor\laravel\framework\src\Illuminate\Routing\Pipeline.php(32): call_user_func(Object(Closure), Object(Illuminate\Http\Request))
#34 D:\wamp\www\laravel5.2_forum\vendor\laravel\framework\src\Illuminate\Session\Middleware\StartSession.php(62): Illuminate\Routing\Pipeline->Illuminate\Routing\{closure}(Object(Illuminate\Http\Request))
#35 [internal function]: Illuminate\Session\Middleware\StartSession->handle(Object(Illuminate\Http\Request), Object(Closure))
#36 D:\wamp\www\laravel5.2_forum\vendor\laravel\framework\src\Illuminate\Pipeline\Pipeline.php(124): call_user_func_array(Array, Array)
#37 [internal function]: Illuminate\Pipeline\Pipeline->Illuminate\Pipeline\{closure}(Object(Illuminate\Http\Request))
#38 D:\wamp\www\laravel5.2_forum\vendor\laravel\framework\src\Illuminate\Routing\Pipeline.php(32): call_user_func(Object(Closure), Object(Illuminate\Http\Request))
#39 D:\wamp\www\laravel5.2_forum\vendor\laravel\framework\src\Illuminate\Cookie\Middleware\AddQueuedCookiesToResponse.php(37): Illuminate\Routing\Pipeline->Illuminate\Routing\{closure}(Object(Illuminate\Http\Request))
#40 [internal function]: Illuminate\Cookie\Middleware\AddQueuedCookiesToResponse->handle(Object(Illuminate\Http\Request), Object(Closure))
#41 D:\wamp\www\laravel5.2_forum\vendor\laravel\framework\src\Illuminate\Pipeline\Pipeline.php(124): call_user_func_array(Array, Array)
#42 [internal function]: Illuminate\Pipeline\Pipeline->Illuminate\Pipeline\{closure}(Object(Illuminate\Http\Request))
#43 D:\wamp\www\laravel5.2_forum\vendor\laravel\framework\src\Illuminate\Routing\Pipeline.php(32): call_user_func(Object(Closure), Object(Illuminate\Http\Request))
#44 D:\wamp\www\laravel5.2_forum\vendor\laravel\framework\src\Illuminate\Cookie\Middleware\EncryptCookies.php(59): Illuminate\Routing\Pipeline->Illuminate\Routing\{closure}(Object(Illuminate\Http\Request))
#45 [internal function]: Illuminate\Cookie\Middleware\EncryptCookies->handle(Object(Illuminate\Http\Request), Object(Closure))
#46 D:\wamp\www\laravel5.2_forum\vendor\laravel\framework\src\Illuminate\Pipeline\Pipeline.php(124): call_user_func_array(Array, Array)
#47 [internal function]: Illuminate\Pipeline\Pipeline->Illuminate\Pipeline\{closure}(Object(Illuminate\Http\Request))
#48 D:\wamp\www\laravel5.2_forum\vendor\laravel\framework\src\Illuminate\Routing\Pipeline.php(32): call_user_func(Object(Closure), Object(Illuminate\Http\Request))
#49 [internal function]: Illuminate\Routing\Pipeline->Illuminate\Routing\{closure}(Object(Illuminate\Http\Request))
#50 D:\wamp\www\laravel5.2_forum\vendor\laravel\framework\src\Illuminate\Pipeline\Pipeline.php(103): call_user_func(Object(Closure), Object(Illuminate\Http\Request))
#51 D:\wamp\www\laravel5.2_forum\vendor\laravel\framework\src\Illuminate\Routing\Router.php(726): Illuminate\Pipeline\Pipeline->then(Object(Closure))
#52 D:\wamp\www\laravel5.2_forum\vendor\laravel\framework\src\Illuminate\Routing\Router.php(699): Illuminate\Routing\Router->runRouteWithinStack(Object(Illuminate\Routing\Route), Object(Illuminate\Http\Request))
#53 D:\wamp\www\laravel5.2_forum\vendor\laravel\framework\src\Illuminate\Routing\Router.php(675): Illuminate\Routing\Router->dispatchToRoute(Object(Illuminate\Http\Request))
#54 D:\wamp\www\laravel5.2_forum\vendor\laravel\framework\src\Illuminate\Foundation\Http\Kernel.php(246): Illuminate\Routing\Router->dispatch(Object(Illuminate\Http\Request))
#55 [internal function]: Illuminate\Foundation\Http\Kernel->Illuminate\Foundation\Http\{closure}(Object(Illuminate\Http\Request))
#56 D:\wamp\www\laravel5.2_forum\vendor\laravel\framework\src\Illuminate\Routing\Pipeline.php(52): call_user_func(Object(Closure), Object(Illuminate\Http\Request))
#57 D:\wamp\www\laravel5.2_forum\vendor\laravel\framework\src\Illuminate\Foundation\Http\Middleware\CheckForMaintenanceMode.php(44): Illuminate\Routing\Pipeline->Illuminate\Routing\{closure}(Object(Illuminate\Http\Request))
#58 [internal function]: Illuminate\Foundation\Http\Middleware\CheckForMaintenanceMode->handle(Object(Illuminate\Http\Request), Object(Closure))
#59 D:\wamp\www\laravel5.2_forum\vendor\laravel\framework\src\Illuminate\Pipeline\Pipeline.php(124): call_user_func_array(Array, Array)
#60 [internal function]: Illuminate\Pipeline\Pipeline->Illuminate\Pipeline\{closure}(Object(Illuminate\Http\Request))
#61 D:\wamp\www\laravel5.2_forum\vendor\laravel\framework\src\Illuminate\Routing\Pipeline.php(32): call_user_func(Object(Closure), Object(Illuminate\Http\Request))
#62 [internal function]: Illuminate\Routing\Pipeline->Illuminate\Routing\{closure}(Object(Illuminate\Http\Request))
#63 D:\wamp\www\laravel5.2_forum\vendor\laravel\framework\src\Illuminate\Pipeline\Pipeline.php(103): call_user_func(Object(Closure), Object(Illuminate\Http\Request))
#64 D:\wamp\www\laravel5.2_forum\vendor\laravel\framework\src\Illuminate\Foundation\Http\Kernel.php(132): Illuminate\Pipeline\Pipeline->then(Object(Closure))
#65 D:\wamp\www\laravel5.2_forum\vendor\laravel\framework\src\Illuminate\Foundation\Http\Kernel.php(99): Illuminate\Foundation\Http\Kernel->sendRequestThroughRouter(Object(Illuminate\Http\Request))
#66 D:\wamp\www\laravel5.2_forum\public\index.php(59): Illuminate\Foundation\Http\Kernel->handle(Object(Illuminate\Http\Request))
#67 D:\wamp\www\laravel5.2_forum\index.php(23): require_once('D:\\wamp\\www\\lar...')
#68 {main}  
[2017-01-11 08:02:57] local.ERROR: exception 'ErrorException' with message 'file_put_contents(D:\wamp\www\shequ\storage\framework/sessions/ba4772a87b2eba1a0c5c3e1de92bddb9a68c0c45): failed to open stream: No such file or directory' in D:\wamp\www\laravel5.2_forum\vendor\laravel\framework\src\Illuminate\Filesystem\Filesystem.php:81
Stack trace:
#0 [internal function]: Illuminate\Foundation\Bootstrap\HandleExceptions->handleError(2, 'file_put_conten...', 'D:\\wamp\\www\\lar...', 81, Array)
#1 D:\wamp\www\laravel5.2_forum\vendor\laravel\framework\src\Illuminate\Filesystem\Filesystem.php(81): file_put_contents('D:\\wamp\\www\\she...', 'a:4:{s:6:"_toke...', 2)
#2 D:\wamp\www\laravel5.2_forum\vendor\laravel\framework\src\Illuminate\Session\FileSessionHandler.php(71): Illuminate\Filesystem\Filesystem->put('D:\\wamp\\www\\she...', 'a:4:{s:6:"_toke...', true)
#3 D:\wamp\www\laravel5.2_forum\vendor\laravel\framework\src\Illuminate\Session\Store.php(262): Illuminate\Session\FileSessionHandler->write('ba4772a87b2eba1...', 'a:4:{s:6:"_toke...')
#4 D:\wamp\www\laravel5.2_forum\vendor\laravel\framework\src\Illuminate\Session\Middleware\StartSession.php(88): Illuminate\Session\Store->save()
#5 D:\wamp\www\laravel5.2_forum\vendor\laravel\framework\src\Illuminate\Foundation\Http\Kernel.php(155): Illuminate\Session\Middleware\StartSession->terminate(Object(Illuminate\Http\Request), Object(Illuminate\Http\Response))
#6 D:\wamp\www\laravel5.2_forum\public\index.php(63): Illuminate\Foundation\Http\Kernel->terminate(Object(Illuminate\Http\Request), Object(Illuminate\Http\Response))
#7 D:\wamp\www\laravel5.2_forum\index.php(23): require_once('D:\\wamp\\www\\lar...')
#8 {main}  
[2017-01-11 08:03:05] local.ERROR: exception 'InvalidArgumentException' with message 'View [index.index] not found.' in D:\wamp\www\laravel5.2_forum\vendor\laravel\framework\src\Illuminate\View\FileViewFinder.php:137
Stack trace:
#0 D:\wamp\www\laravel5.2_forum\vendor\laravel\framework\src\Illuminate\View\FileViewFinder.php(79): Illuminate\View\FileViewFinder->findInPaths('index.index', Array)
#1 D:\wamp\www\laravel5.2_forum\vendor\laravel\framework\src\Illuminate\View\Factory.php(151): Illuminate\View\FileViewFinder->find('index.index')
#2 D:\wamp\www\laravel5.2_forum\vendor\laravel\framework\src\Illuminate\Foundation\helpers.php(779): Illuminate\View\Factory->make('index.index', Array, Array)
#3 D:\wamp\www\laravel5.2_forum\app\Http\Controllers\Index\IndexController.php(55): view('index.index', Array)
#4 [internal function]: App\Http\Controllers\Index\IndexController->index()
#5 D:\wamp\www\laravel5.2_forum\vendor\laravel\framework\src\Illuminate\Routing\Controller.php(78): call_user_func_array(Array, Array)
#6 D:\wamp\www\laravel5.2_forum\vendor\laravel\framework\src\Illuminate\Routing\ControllerDispatcher.php(146): Illuminate\Routing\Controller->callAction('index', Array)
#7 D:\wamp\www\laravel5.2_forum\vendor\laravel\framework\src\Illuminate\Routing\ControllerDispatcher.php(94): Illuminate\Routing\ControllerDispatcher->call(Object(App\Http\Controllers\Index\IndexController), Object(Illuminate\Routing\Route), 'index')
#8 [internal function]: Illuminate\Routing\ControllerDispatcher->Illuminate\Routing\{closure}(Object(Illuminate\Http\Request))
#9 D:\wamp\www\laravel5.2_forum\vendor\laravel\framework\src\Illuminate\Routing\Pipeline.php(52): call_user_func(Object(Closure), Object(Illuminate\Http\Request))
#10 [internal function]: Illuminate\Routing\Pipeline->Illuminate\Routing\{closure}(Object(Illuminate\Http\Request))
#11 D:\wamp\www\laravel5.2_forum\vendor\laravel\framework\src\Illuminate\Pipeline\Pipeline.php(103): call_user_func(Object(Closure), Object(Illuminate\Http\Request))
#12 D:\wamp\www\laravel5.2_forum\vendor\laravel\framework\src\Illuminate\Routing\ControllerDispatcher.php(96): Illuminate\Pipeline\Pipeline->then(Object(Closure))
#13 D:\wamp\www\laravel5.2_forum\vendor\laravel\framework\src\Illuminate\Routing\ControllerDispatcher.php(54): Illuminate\Routing\ControllerDispatcher->callWithinStack(Object(App\Http\Controllers\Index\IndexController), Object(Illuminate\Routing\Route), Object(Illuminate\Http\Request), 'index')
#14 D:\wamp\www\laravel5.2_forum\vendor\laravel\framework\src\Illuminate\Routing\Route.php(174): Illuminate\Routing\ControllerDispatcher->dispatch(Object(Illuminate\Routing\Route), Object(Illuminate\Http\Request), 'App\\Http\\Contro...', 'index')
#15 D:\wamp\www\laravel5.2_forum\vendor\laravel\framework\src\Illuminate\Routing\Route.php(140): Illuminate\Routing\Route->runController(Object(Illuminate\Http\Request))
#16 D:\wamp\www\laravel5.2_forum\vendor\laravel\framework\src\Illuminate\Routing\Router.php(724): Illuminate\Routing\Route->run(Object(Illuminate\Http\Request))
#17 [internal function]: Illuminate\Routing\Router->Illuminate\Routing\{closure}(Object(Illuminate\Http\Request))
#18 D:\wamp\www\laravel5.2_forum\vendor\laravel\framework\src\Illuminate\Routing\Pipeline.php(52): call_user_func(Object(Closure), Object(Illuminate\Http\Request))
#19 D:\wamp\www\laravel5.2_forum\app\Http\Middleware\IndexNavigation.php(24): Illuminate\Routing\Pipeline->Illuminate\Routing\{closure}(Object(Illuminate\Http\Request))
#20 [internal function]: App\Http\Middleware\IndexNavigation->handle(Object(Illuminate\Http\Request), Object(Closure))
#21 D:\wamp\www\laravel5.2_forum\vendor\laravel\framework\src\Illuminate\Pipeline\Pipeline.php(124): call_user_func_array(Array, Array)
#22 [internal function]: Illuminate\Pipeline\Pipeline->Illuminate\Pipeline\{closure}(Object(Illuminate\Http\Request))
#23 D:\wamp\www\laravel5.2_forum\vendor\laravel\framework\src\Illuminate\Routing\Pipeline.php(32): call_user_func(Object(Closure), Object(Illuminate\Http\Request))
#24 D:\wamp\www\laravel5.2_forum\vendor\laravel\framework\src\Illuminate\Foundation\Http\Middleware\VerifyCsrfToken.php(64): Illuminate\Routing\Pipeline->Illuminate\Routing\{closure}(Object(Illuminate\Http\Request))
#25 [internal function]: Illuminate\Foundation\Http\Middleware\VerifyCsrfToken->handle(Object(Illuminate\Http\Request), Object(Closure))
#26 D:\wamp\www\laravel5.2_forum\vendor\laravel\framework\src\Illuminate\Pipeline\Pipeline.php(124): call_user_func_array(Array, Array)
#27 [internal function]: Illuminate\Pipeline\Pipeline->Illuminate\Pipeline\{closure}(Object(Illuminate\Http\Request))
#28 D:\wamp\www\laravel5.2_forum\vendor\laravel\framework\src\Illuminate\Routing\Pipeline.php(32): call_user_func(Object(Closure), Object(Illuminate\Http\Request))
#29 D:\wamp\www\laravel5.2_forum\vendor\laravel\framework\src\Illuminate\View\Middleware\ShareErrorsFromSession.php(49): Illuminate\Routing\Pipeline->Illuminate\Routing\{closure}(Object(Illuminate\Http\Request))
#30 [internal function]: Illuminate\View\Middleware\ShareErrorsFromSession->handle(Object(Illuminate\Http\Request), Object(Closure))
#31 D:\wamp\www\laravel5.2_forum\vendor\laravel\framework\src\Illuminate\Pipeline\Pipeline.php(124): call_user_func_array(Array, Array)
#32 [internal function]: Illuminate\Pipeline\Pipeline->Illuminate\Pipeline\{closure}(Object(Illuminate\Http\Request))
#33 D:\wamp\www\laravel5.2_forum\vendor\laravel\framework\src\Illuminate\Routing\Pipeline.php(32): call_user_func(Object(Closure), Object(Illuminate\Http\Request))
#34 D:\wamp\www\laravel5.2_forum\vendor\laravel\framework\src\Illuminate\Session\Middleware\StartSession.php(62): Illuminate\Routing\Pipeline->Illuminate\Routing\{closure}(Object(Illuminate\Http\Request))
#35 [internal function]: Illuminate\Session\Middleware\StartSession->handle(Object(Illuminate\Http\Request), Object(Closure))
#36 D:\wamp\www\laravel5.2_forum\vendor\laravel\framework\src\Illuminate\Pipeline\Pipeline.php(124): call_user_func_array(Array, Array)
#37 [internal function]: Illuminate\Pipeline\Pipeline->Illuminate\Pipeline\{closure}(Object(Illuminate\Http\Request))
#38 D:\wamp\www\laravel5.2_forum\vendor\laravel\framework\src\Illuminate\Routing\Pipeline.php(32): call_user_func(Object(Closure), Object(Illuminate\Http\Request))
#39 D:\wamp\www\laravel5.2_forum\vendor\laravel\framework\src\Illuminate\Cookie\Middleware\AddQueuedCookiesToResponse.php(37): Illuminate\Routing\Pipeline->Illuminate\Routing\{closure}(Object(Illuminate\Http\Request))
#40 [internal function]: Illuminate\Cookie\Middleware\AddQueuedCookiesToResponse->handle(Object(Illuminate\Http\Request), Object(Closure))
#41 D:\wamp\www\laravel5.2_forum\vendor\laravel\framework\src\Illuminate\Pipeline\Pipeline.php(124): call_user_func_array(Array, Array)
#42 [internal function]: Illuminate\Pipeline\Pipeline->Illuminate\Pipeline\{closure}(Object(Illuminate\Http\Request))
#43 D:\wamp\www\laravel5.2_forum\vendor\laravel\framework\src\Illuminate\Routing\Pipeline.php(32): call_user_func(Object(Closure), Object(Illuminate\Http\Request))
#44 D:\wamp\www\laravel5.2_forum\vendor\laravel\framework\src\Illuminate\Cookie\Middleware\EncryptCookies.php(59): Illuminate\Routing\Pipeline->Illuminate\Routing\{closure}(Object(Illuminate\Http\Request))
#45 [internal function]: Illuminate\Cookie\Middleware\EncryptCookies->handle(Object(Illuminate\Http\Request), Object(Closure))
#46 D:\wamp\www\laravel5.2_forum\vendor\laravel\framework\src\Illuminate\Pipeline\Pipeline.php(124): call_user_func_array(Array, Array)
#47 [internal function]: Illuminate\Pipeline\Pipeline->Illuminate\Pipeline\{closure}(Object(Illuminate\Http\Request))
#48 D:\wamp\www\laravel5.2_forum\vendor\laravel\framework\src\Illuminate\Routing\Pipeline.php(32): call_user_func(Object(Closure), Object(Illuminate\Http\Request))
#49 [internal function]: Illuminate\Routing\Pipeline->Illuminate\Routing\{closure}(Object(Illuminate\Http\Request))
#50 D:\wamp\www\laravel5.2_forum\vendor\laravel\framework\src\Illuminate\Pipeline\Pipeline.php(103): call_user_func(Object(Closure), Object(Illuminate\Http\Request))
#51 D:\wamp\www\laravel5.2_forum\vendor\laravel\framework\src\Illuminate\Routing\Router.php(726): Illuminate\Pipeline\Pipeline->then(Object(Closure))
#52 D:\wamp\www\laravel5.2_forum\vendor\laravel\framework\src\Illuminate\Routing\Router.php(699): Illuminate\Routing\Router->runRouteWithinStack(Object(Illuminate\Routing\Route), Object(Illuminate\Http\Request))
#53 D:\wamp\www\laravel5.2_forum\vendor\laravel\framework\src\Illuminate\Routing\Router.php(675): Illuminate\Routing\Router->dispatchToRoute(Object(Illuminate\Http\Request))
#54 D:\wamp\www\laravel5.2_forum\vendor\laravel\framework\src\Illuminate\Foundation\Http\Kernel.php(246): Illuminate\Routing\Router->dispatch(Object(Illuminate\Http\Request))
#55 [internal function]: Illuminate\Foundation\Http\Kernel->Illuminate\Foundation\Http\{closure}(Object(Illuminate\Http\Request))
#56 D:\wamp\www\laravel5.2_forum\vendor\laravel\framework\src\Illuminate\Routing\Pipeline.php(52): call_user_func(Object(Closure), Object(Illuminate\Http\Request))
#57 D:\wamp\www\laravel5.2_forum\vendor\laravel\framework\src\Illuminate\Foundation\Http\Middleware\CheckForMaintenanceMode.php(44): Illuminate\Routing\Pipeline->Illuminate\Routing\{closure}(Object(Illuminate\Http\Request))
#58 [internal function]: Illuminate\Foundation\Http\Middleware\CheckForMaintenanceMode->handle(Object(Illuminate\Http\Request), Object(Closure))
#59 D:\wamp\www\laravel5.2_forum\vendor\laravel\framework\src\Illuminate\Pipeline\Pipeline.php(124): call_user_func_array(Array, Array)
#60 [internal function]: Illuminate\Pipeline\Pipeline->Illuminate\Pipeline\{closure}(Object(Illuminate\Http\Request))
#61 D:\wamp\www\laravel5.2_forum\vendor\laravel\framework\src\Illuminate\Routing\Pipeline.php(32): call_user_func(Object(Closure), Object(Illuminate\Http\Request))
#62 [internal function]: Illuminate\Routing\Pipeline->Illuminate\Routing\{closure}(Object(Illuminate\Http\Request))
#63 D:\wamp\www\laravel5.2_forum\vendor\laravel\framework\src\Illuminate\Pipeline\Pipeline.php(103): call_user_func(Object(Closure), Object(Illuminate\Http\Request))
#64 D:\wamp\www\laravel5.2_forum\vendor\laravel\framework\src\Illuminate\Foundation\Http\Kernel.php(132): Illuminate\Pipeline\Pipeline->then(Object(Closure))
#65 D:\wamp\www\laravel5.2_forum\vendor\laravel\framework\src\Illuminate\Foundation\Http\Kernel.php(99): Illuminate\Foundation\Http\Kernel->sendRequestThroughRouter(Object(Illuminate\Http\Request))
#66 D:\wamp\www\laravel5.2_forum\public\index.php(59): Illuminate\Foundation\Http\Kernel->handle(Object(Illuminate\Http\Request))
#67 D:\wamp\www\laravel5.2_forum\index.php(23): require_once('D:\\wamp\\www\\lar...')
#68 {main}  
[2017-01-11 08:03:05] local.ERROR: exception 'ErrorException' with message 'file_put_contents(D:\wamp\www\shequ\storage\framework/sessions/ba4772a87b2eba1a0c5c3e1de92bddb9a68c0c45): failed to open stream: No such file or directory' in D:\wamp\www\laravel5.2_forum\vendor\laravel\framework\src\Illuminate\Filesystem\Filesystem.php:81
Stack trace:
#0 [internal function]: Illuminate\Foundation\Bootstrap\HandleExceptions->handleError(2, 'file_put_conten...', 'D:\\wamp\\www\\lar...', 81, Array)
#1 D:\wamp\www\laravel5.2_forum\vendor\laravel\framework\src\Illuminate\Filesystem\Filesystem.php(81): file_put_contents('D:\\wamp\\www\\she...', 'a:4:{s:6:"_toke...', 2)
#2 D:\wamp\www\laravel5.2_forum\vendor\laravel\framework\src\Illuminate\Session\FileSessionHandler.php(71): Illuminate\Filesystem\Filesystem->put('D:\\wamp\\www\\she...', 'a:4:{s:6:"_toke...', true)
#3 D:\wamp\www\laravel5.2_forum\vendor\laravel\framework\src\Illuminate\Session\Store.php(262): Illuminate\Session\FileSessionHandler->write('ba4772a87b2eba1...', 'a:4:{s:6:"_toke...')
#4 D:\wamp\www\laravel5.2_forum\vendor\laravel\framework\src\Illuminate\Session\Middleware\StartSession.php(88): Illuminate\Session\Store->save()
#5 D:\wamp\www\laravel5.2_forum\vendor\laravel\framework\src\Illuminate\Foundation\Http\Kernel.php(155): Illuminate\Session\Middleware\StartSession->terminate(Object(Illuminate\Http\Request), Object(Illuminate\Http\Response))
#6 D:\wamp\www\laravel5.2_forum\public\index.php(63): Illuminate\Foundation\Http\Kernel->terminate(Object(Illuminate\Http\Request), Object(Illuminate\Http\Response))
#7 D:\wamp\www\laravel5.2_forum\index.php(23): require_once('D:\\wamp\\www\\lar...')
#8 {main}  
[2017-01-11 08:03:48] local.ERROR: exception 'InvalidArgumentException' with message 'View [index.index] not found.' in D:\wamp\www\laravel5.2_forum\vendor\laravel\framework\src\Illuminate\View\FileViewFinder.php:137
Stack trace:
#0 D:\wamp\www\laravel5.2_forum\vendor\laravel\framework\src\Illuminate\View\FileViewFinder.php(79): Illuminate\View\FileViewFinder->findInPaths('index.index', Array)
#1 D:\wamp\www\laravel5.2_forum\vendor\laravel\framework\src\Illuminate\View\Factory.php(151): Illuminate\View\FileViewFinder->find('index.index')
#2 D:\wamp\www\laravel5.2_forum\vendor\laravel\framework\src\Illuminate\Foundation\helpers.php(779): Illuminate\View\Factory->make('index.index', Array, Array)
#3 D:\wamp\www\laravel5.2_forum\app\Http\Controllers\Index\IndexController.php(55): view('index.index', Array)
#4 [internal function]: App\Http\Controllers\Index\IndexController->index()
#5 D:\wamp\www\laravel5.2_forum\vendor\laravel\framework\src\Illuminate\Routing\Controller.php(78): call_user_func_array(Array, Array)
#6 D:\wamp\www\laravel5.2_forum\vendor\laravel\framework\src\Illuminate\Routing\ControllerDispatcher.php(146): Illuminate\Routing\Controller->callAction('index', Array)
#7 D:\wamp\www\laravel5.2_forum\vendor\laravel\framework\src\Illuminate\Routing\ControllerDispatcher.php(94): Illuminate\Routing\ControllerDispatcher->call(Object(App\Http\Controllers\Index\IndexController), Object(Illuminate\Routing\Route), 'index')
#8 [internal function]: Illuminate\Routing\ControllerDispatcher->Illuminate\Routing\{closure}(Object(Illuminate\Http\Request))
#9 D:\wamp\www\laravel5.2_forum\vendor\laravel\framework\src\Illuminate\Routing\Pipeline.php(52): call_user_func(Object(Closure), Object(Illuminate\Http\Request))
#10 [internal function]: Illuminate\Routing\Pipeline->Illuminate\Routing\{closure}(Object(Illuminate\Http\Request))
#11 D:\wamp\www\laravel5.2_forum\vendor\laravel\framework\src\Illuminate\Pipeline\Pipeline.php(103): call_user_func(Object(Closure), Object(Illuminate\Http\Request))
#12 D:\wamp\www\laravel5.2_forum\vendor\laravel\framework\src\Illuminate\Routing\ControllerDispatcher.php(96): Illuminate\Pipeline\Pipeline->then(Object(Closure))
#13 D:\wamp\www\laravel5.2_forum\vendor\laravel\framework\src\Illuminate\Routing\ControllerDispatcher.php(54): Illuminate\Routing\ControllerDispatcher->callWithinStack(Object(App\Http\Controllers\Index\IndexController), Object(Illuminate\Routing\Route), Object(Illuminate\Http\Request), 'index')
#14 D:\wamp\www\laravel5.2_forum\vendor\laravel\framework\src\Illuminate\Routing\Route.php(174): Illuminate\Routing\ControllerDispatcher->dispatch(Object(Illuminate\Routing\Route), Object(Illuminate\Http\Request), 'App\\Http\\Contro...', 'index')
#15 D:\wamp\www\laravel5.2_forum\vendor\laravel\framework\src\Illuminate\Routing\Route.php(140): Illuminate\Routing\Route->runController(Object(Illuminate\Http\Request))
#16 D:\wamp\www\laravel5.2_forum\vendor\laravel\framework\src\Illuminate\Routing\Router.php(724): Illuminate\Routing\Route->run(Object(Illuminate\Http\Request))
#17 [internal function]: Illuminate\Routing\Router->Illuminate\Routing\{closure}(Object(Illuminate\Http\Request))
#18 D:\wamp\www\laravel5.2_forum\vendor\laravel\framework\src\Illuminate\Routing\Pipeline.php(52): call_user_func(Object(Closure), Object(Illuminate\Http\Request))
#19 D:\wamp\www\laravel5.2_forum\app\Http\Middleware\IndexNavigation.php(24): Illuminate\Routing\Pipeline->Illuminate\Routing\{closure}(Object(Illuminate\Http\Request))
#20 [internal function]: App\Http\Middleware\IndexNavigation->handle(Object(Illuminate\Http\Request), Object(Closure))
#21 D:\wamp\www\laravel5.2_forum\vendor\laravel\framework\src\Illuminate\Pipeline\Pipeline.php(124): call_user_func_array(Array, Array)
#22 [internal function]: Illuminate\Pipeline\Pipeline->Illuminate\Pipeline\{closure}(Object(Illuminate\Http\Request))
#23 D:\wamp\www\laravel5.2_forum\vendor\laravel\framework\src\Illuminate\Routing\Pipeline.php(32): call_user_func(Object(Closure), Object(Illuminate\Http\Request))
#24 D:\wamp\www\laravel5.2_forum\vendor\laravel\framework\src\Illuminate\Foundation\Http\Middleware\VerifyCsrfToken.php(64): Illuminate\Routing\Pipeline->Illuminate\Routing\{closure}(Object(Illuminate\Http\Request))
#25 [internal function]: Illuminate\Foundation\Http\Middleware\VerifyCsrfToken->handle(Object(Illuminate\Http\Request), Object(Closure))
#26 D:\wamp\www\laravel5.2_forum\vendor\laravel\framework\src\Illuminate\Pipeline\Pipeline.php(124): call_user_func_array(Array, Array)
#27 [internal function]: Illuminate\Pipeline\Pipeline->Illuminate\Pipeline\{closure}(Object(Illuminate\Http\Request))
#28 D:\wamp\www\laravel5.2_forum\vendor\laravel\framework\src\Illuminate\Routing\Pipeline.php(32): call_user_func(Object(Closure), Object(Illuminate\Http\Request))
#29 D:\wamp\www\laravel5.2_forum\vendor\laravel\framework\src\Illuminate\View\Middleware\ShareErrorsFromSession.php(49): Illuminate\Routing\Pipeline->Illuminate\Routing\{closure}(Object(Illuminate\Http\Request))
#30 [internal function]: Illuminate\View\Middleware\ShareErrorsFromSession->handle(Object(Illuminate\Http\Request), Object(Closure))
#31 D:\wamp\www\laravel5.2_forum\vendor\laravel\framework\src\Illuminate\Pipeline\Pipeline.php(124): call_user_func_array(Array, Array)
#32 [internal function]: Illuminate\Pipeline\Pipeline->Illuminate\Pipeline\{closure}(Object(Illuminate\Http\Request))
#33 D:\wamp\www\laravel5.2_forum\vendor\laravel\framework\src\Illuminate\Routing\Pipeline.php(32): call_user_func(Object(Closure), Object(Illuminate\Http\Request))
#34 D:\wamp\www\laravel5.2_forum\vendor\laravel\framework\src\Illuminate\Session\Middleware\StartSession.php(62): Illuminate\Routing\Pipeline->Illuminate\Routing\{closure}(Object(Illuminate\Http\Request))
#35 [internal function]: Illuminate\Session\Middleware\StartSession->handle(Object(Illuminate\Http\Request), Object(Closure))
#36 D:\wamp\www\laravel5.2_forum\vendor\laravel\framework\src\Illuminate\Pipeline\Pipeline.php(124): call_user_func_array(Array, Array)
#37 [internal function]: Illuminate\Pipeline\Pipeline->Illuminate\Pipeline\{closure}(Object(Illuminate\Http\Request))
#38 D:\wamp\www\laravel5.2_forum\vendor\laravel\framework\src\Illuminate\Routing\Pipeline.php(32): call_user_func(Object(Closure), Object(Illuminate\Http\Request))
#39 D:\wamp\www\laravel5.2_forum\vendor\laravel\framework\src\Illuminate\Cookie\Middleware\AddQueuedCookiesToResponse.php(37): Illuminate\Routing\Pipeline->Illuminate\Routing\{closure}(Object(Illuminate\Http\Request))
#40 [internal function]: Illuminate\Cookie\Middleware\AddQueuedCookiesToResponse->handle(Object(Illuminate\Http\Request), Object(Closure))
#41 D:\wamp\www\laravel5.2_forum\vendor\laravel\framework\src\Illuminate\Pipeline\Pipeline.php(124): call_user_func_array(Array, Array)
#42 [internal function]: Illuminate\Pipeline\Pipeline->Illuminate\Pipeline\{closure}(Object(Illuminate\Http\Request))
#43 D:\wamp\www\laravel5.2_forum\vendor\laravel\framework\src\Illuminate\Routing\Pipeline.php(32): call_user_func(Object(Closure), Object(Illuminate\Http\Request))
#44 D:\wamp\www\laravel5.2_forum\vendor\laravel\framework\src\Illuminate\Cookie\Middleware\EncryptCookies.php(59): Illuminate\Routing\Pipeline->Illuminate\Routing\{closure}(Object(Illuminate\Http\Request))
#45 [internal function]: Illuminate\Cookie\Middleware\EncryptCookies->handle(Object(Illuminate\Http\Request), Object(Closure))
#46 D:\wamp\www\laravel5.2_forum\vendor\laravel\framework\src\Illuminate\Pipeline\Pipeline.php(124): call_user_func_array(Array, Array)
#47 [internal function]: Illuminate\Pipeline\Pipeline->Illuminate\Pipeline\{closure}(Object(Illuminate\Http\Request))
#48 D:\wamp\www\laravel5.2_forum\vendor\laravel\framework\src\Illuminate\Routing\Pipeline.php(32): call_user_func(Object(Closure), Object(Illuminate\Http\Request))
#49 [internal function]: Illuminate\Routing\Pipeline->Illuminate\Routing\{closure}(Object(Illuminate\Http\Request))
#50 D:\wamp\www\laravel5.2_forum\vendor\laravel\framework\src\Illuminate\Pipeline\Pipeline.php(103): call_user_func(Object(Closure), Object(Illuminate\Http\Request))
#51 D:\wamp\www\laravel5.2_forum\vendor\laravel\framework\src\Illuminate\Routing\Router.php(726): Illuminate\Pipeline\Pipeline->then(Object(Closure))
#52 D:\wamp\www\laravel5.2_forum\vendor\laravel\framework\src\Illuminate\Routing\Router.php(699): Illuminate\Routing\Router->runRouteWithinStack(Object(Illuminate\Routing\Route), Object(Illuminate\Http\Request))
#53 D:\wamp\www\laravel5.2_forum\vendor\laravel\framework\src\Illuminate\Routing\Router.php(675): Illuminate\Routing\Router->dispatchToRoute(Object(Illuminate\Http\Request))
#54 D:\wamp\www\laravel5.2_forum\vendor\laravel\framework\src\Illuminate\Foundation\Http\Kernel.php(246): Illuminate\Routing\Router->dispatch(Object(Illuminate\Http\Request))
#55 [internal function]: Illuminate\Foundation\Http\Kernel->Illuminate\Foundation\Http\{closure}(Object(Illuminate\Http\Request))
#56 D:\wamp\www\laravel5.2_forum\vendor\laravel\framework\src\Illuminate\Routing\Pipeline.php(52): call_user_func(Object(Closure), Object(Illuminate\Http\Request))
#57 D:\wamp\www\laravel5.2_forum\vendor\laravel\framework\src\Illuminate\Foundation\Http\Middleware\CheckForMaintenanceMode.php(44): Illuminate\Routing\Pipeline->Illuminate\Routing\{closure}(Object(Illuminate\Http\Request))
#58 [internal function]: Illuminate\Foundation\Http\Middleware\CheckForMaintenanceMode->handle(Object(Illuminate\Http\Request), Object(Closure))
#59 D:\wamp\www\laravel5.2_forum\vendor\laravel\framework\src\Illuminate\Pipeline\Pipeline.php(124): call_user_func_array(Array, Array)
#60 [internal function]: Illuminate\Pipeline\Pipeline->Illuminate\Pipeline\{closure}(Object(Illuminate\Http\Request))
#61 D:\wamp\www\laravel5.2_forum\vendor\laravel\framework\src\Illuminate\Routing\Pipeline.php(32): call_user_func(Object(Closure), Object(Illuminate\Http\Request))
#62 [internal function]: Illuminate\Routing\Pipeline->Illuminate\Routing\{closure}(Object(Illuminate\Http\Request))
#63 D:\wamp\www\laravel5.2_forum\vendor\laravel\framework\src\Illuminate\Pipeline\Pipeline.php(103): call_user_func(Object(Closure), Object(Illuminate\Http\Request))
#64 D:\wamp\www\laravel5.2_forum\vendor\laravel\framework\src\Illuminate\Foundation\Http\Kernel.php(132): Illuminate\Pipeline\Pipeline->then(Object(Closure))
#65 D:\wamp\www\laravel5.2_forum\vendor\laravel\framework\src\Illuminate\Foundation\Http\Kernel.php(99): Illuminate\Foundation\Http\Kernel->sendRequestThroughRouter(Object(Illuminate\Http\Request))
#66 D:\wamp\www\laravel5.2_forum\public\index.php(59): Illuminate\Foundation\Http\Kernel->handle(Object(Illuminate\Http\Request))
#67 {main}  
[2017-01-11 08:03:48] local.ERROR: exception 'ErrorException' with message 'file_put_contents(D:\wamp\www\shequ\storage\framework/sessions/ba4772a87b2eba1a0c5c3e1de92bddb9a68c0c45): failed to open stream: No such file or directory' in D:\wamp\www\laravel5.2_forum\vendor\laravel\framework\src\Illuminate\Filesystem\Filesystem.php:81
Stack trace:
#0 [internal function]: Illuminate\Foundation\Bootstrap\HandleExceptions->handleError(2, 'file_put_conten...', 'D:\\wamp\\www\\lar...', 81, Array)
#1 D:\wamp\www\laravel5.2_forum\vendor\laravel\framework\src\Illuminate\Filesystem\Filesystem.php(81): file_put_contents('D:\\wamp\\www\\she...', 'a:4:{s:6:"_toke...', 2)
#2 D:\wamp\www\laravel5.2_forum\vendor\laravel\framework\src\Illuminate\Session\FileSessionHandler.php(71): Illuminate\Filesystem\Filesystem->put('D:\\wamp\\www\\she...', 'a:4:{s:6:"_toke...', true)
#3 D:\wamp\www\laravel5.2_forum\vendor\laravel\framework\src\Illuminate\Session\Store.php(262): Illuminate\Session\FileSessionHandler->write('ba4772a87b2eba1...', 'a:4:{s:6:"_toke...')
#4 D:\wamp\www\laravel5.2_forum\vendor\laravel\framework\src\Illuminate\Session\Middleware\StartSession.php(88): Illuminate\Session\Store->save()
#5 D:\wamp\www\laravel5.2_forum\vendor\laravel\framework\src\Illuminate\Foundation\Http\Kernel.php(155): Illuminate\Session\Middleware\StartSession->terminate(Object(Illuminate\Http\Request), Object(Illuminate\Http\Response))
#6 D:\wamp\www\laravel5.2_forum\public\index.php(63): Illuminate\Foundation\Http\Kernel->terminate(Object(Illuminate\Http\Request), Object(Illuminate\Http\Response))
#7 {main}  
[2017-01-11 08:03:49] local.ERROR: exception 'InvalidArgumentException' with message 'View [index.index] not found.' in D:\wamp\www\laravel5.2_forum\vendor\laravel\framework\src\Illuminate\View\FileViewFinder.php:137
Stack trace:
#0 D:\wamp\www\laravel5.2_forum\vendor\laravel\framework\src\Illuminate\View\FileViewFinder.php(79): Illuminate\View\FileViewFinder->findInPaths('index.index', Array)
#1 D:\wamp\www\laravel5.2_forum\vendor\laravel\framework\src\Illuminate\View\Factory.php(151): Illuminate\View\FileViewFinder->find('index.index')
#2 D:\wamp\www\laravel5.2_forum\vendor\laravel\framework\src\Illuminate\Foundation\helpers.php(779): Illuminate\View\Factory->make('index.index', Array, Array)
#3 D:\wamp\www\laravel5.2_forum\app\Http\Controllers\Index\IndexController.php(55): view('index.index', Array)
#4 [internal function]: App\Http\Controllers\Index\IndexController->index()
#5 D:\wamp\www\laravel5.2_forum\vendor\laravel\framework\src\Illuminate\Routing\Controller.php(78): call_user_func_array(Array, Array)
#6 D:\wamp\www\laravel5.2_forum\vendor\laravel\framework\src\Illuminate\Routing\ControllerDispatcher.php(146): Illuminate\Routing\Controller->callAction('index', Array)
#7 D:\wamp\www\laravel5.2_forum\vendor\laravel\framework\src\Illuminate\Routing\ControllerDispatcher.php(94): Illuminate\Routing\ControllerDispatcher->call(Object(App\Http\Controllers\Index\IndexController), Object(Illuminate\Routing\Route), 'index')
#8 [internal function]: Illuminate\Routing\ControllerDispatcher->Illuminate\Routing\{closure}(Object(Illuminate\Http\Request))
#9 D:\wamp\www\laravel5.2_forum\vendor\laravel\framework\src\Illuminate\Routing\Pipeline.php(52): call_user_func(Object(Closure), Object(Illuminate\Http\Request))
#10 [internal function]: Illuminate\Routing\Pipeline->Illuminate\Routing\{closure}(Object(Illuminate\Http\Request))
#11 D:\wamp\www\laravel5.2_forum\vendor\laravel\framework\src\Illuminate\Pipeline\Pipeline.php(103): call_user_func(Object(Closure), Object(Illuminate\Http\Request))
#12 D:\wamp\www\laravel5.2_forum\vendor\laravel\framework\src\Illuminate\Routing\ControllerDispatcher.php(96): Illuminate\Pipeline\Pipeline->then(Object(Closure))
#13 D:\wamp\www\laravel5.2_forum\vendor\laravel\framework\src\Illuminate\Routing\ControllerDispatcher.php(54): Illuminate\Routing\ControllerDispatcher->callWithinStack(Object(App\Http\Controllers\Index\IndexController), Object(Illuminate\Routing\Route), Object(Illuminate\Http\Request), 'index')
#14 D:\wamp\www\laravel5.2_forum\vendor\laravel\framework\src\Illuminate\Routing\Route.php(174): Illuminate\Routing\ControllerDispatcher->dispatch(Object(Illuminate\Routing\Route), Object(Illuminate\Http\Request), 'App\\Http\\Contro...', 'index')
#15 D:\wamp\www\laravel5.2_forum\vendor\laravel\framework\src\Illuminate\Routing\Route.php(140): Illuminate\Routing\Route->runController(Object(Illuminate\Http\Request))
#16 D:\wamp\www\laravel5.2_forum\vendor\laravel\framework\src\Illuminate\Routing\Router.php(724): Illuminate\Routing\Route->run(Object(Illuminate\Http\Request))
#17 [internal function]: Illuminate\Routing\Router->Illuminate\Routing\{closure}(Object(Illuminate\Http\Request))
#18 D:\wamp\www\laravel5.2_forum\vendor\laravel\framework\src\Illuminate\Routing\Pipeline.php(52): call_user_func(Object(Closure), Object(Illuminate\Http\Request))
#19 D:\wamp\www\laravel5.2_forum\app\Http\Middleware\IndexNavigation.php(24): Illuminate\Routing\Pipeline->Illuminate\Routing\{closure}(Object(Illuminate\Http\Request))
#20 [internal function]: App\Http\Middleware\IndexNavigation->handle(Object(Illuminate\Http\Request), Object(Closure))
#21 D:\wamp\www\laravel5.2_forum\vendor\laravel\framework\src\Illuminate\Pipeline\Pipeline.php(124): call_user_func_array(Array, Array)
#22 [internal function]: Illuminate\Pipeline\Pipeline->Illuminate\Pipeline\{closure}(Object(Illuminate\Http\Request))
#23 D:\wamp\www\laravel5.2_forum\vendor\laravel\framework\src\Illuminate\Routing\Pipeline.php(32): call_user_func(Object(Closure), Object(Illuminate\Http\Request))
#24 D:\wamp\www\laravel5.2_forum\vendor\laravel\framework\src\Illuminate\Foundation\Http\Middleware\VerifyCsrfToken.php(64): Illuminate\Routing\Pipeline->Illuminate\Routing\{closure}(Object(Illuminate\Http\Request))
#25 [internal function]: Illuminate\Foundation\Http\Middleware\VerifyCsrfToken->handle(Object(Illuminate\Http\Request), Object(Closure))
#26 D:\wamp\www\laravel5.2_forum\vendor\laravel\framework\src\Illuminate\Pipeline\Pipeline.php(124): call_user_func_array(Array, Array)
#27 [internal function]: Illuminate\Pipeline\Pipeline->Illuminate\Pipeline\{closure}(Object(Illuminate\Http\Request))
#28 D:\wamp\www\laravel5.2_forum\vendor\laravel\framework\src\Illuminate\Routing\Pipeline.php(32): call_user_func(Object(Closure), Object(Illuminate\Http\Request))
#29 D:\wamp\www\laravel5.2_forum\vendor\laravel\framework\src\Illuminate\View\Middleware\ShareErrorsFromSession.php(49): Illuminate\Routing\Pipeline->Illuminate\Routing\{closure}(Object(Illuminate\Http\Request))
#30 [internal function]: Illuminate\View\Middleware\ShareErrorsFromSession->handle(Object(Illuminate\Http\Request), Object(Closure))
#31 D:\wamp\www\laravel5.2_forum\vendor\laravel\framework\src\Illuminate\Pipeline\Pipeline.php(124): call_user_func_array(Array, Array)
#32 [internal function]: Illuminate\Pipeline\Pipeline->Illuminate\Pipeline\{closure}(Object(Illuminate\Http\Request))
#33 D:\wamp\www\laravel5.2_forum\vendor\laravel\framework\src\Illuminate\Routing\Pipeline.php(32): call_user_func(Object(Closure), Object(Illuminate\Http\Request))
#34 D:\wamp\www\laravel5.2_forum\vendor\laravel\framework\src\Illuminate\Session\Middleware\StartSession.php(62): Illuminate\Routing\Pipeline->Illuminate\Routing\{closure}(Object(Illuminate\Http\Request))
#35 [internal function]: Illuminate\Session\Middleware\StartSession->handle(Object(Illuminate\Http\Request), Object(Closure))
#36 D:\wamp\www\laravel5.2_forum\vendor\laravel\framework\src\Illuminate\Pipeline\Pipeline.php(124): call_user_func_array(Array, Array)
#37 [internal function]: Illuminate\Pipeline\Pipeline->Illuminate\Pipeline\{closure}(Object(Illuminate\Http\Request))
#38 D:\wamp\www\laravel5.2_forum\vendor\laravel\framework\src\Illuminate\Routing\Pipeline.php(32): call_user_func(Object(Closure), Object(Illuminate\Http\Request))
#39 D:\wamp\www\laravel5.2_forum\vendor\laravel\framework\src\Illuminate\Cookie\Middleware\AddQueuedCookiesToResponse.php(37): Illuminate\Routing\Pipeline->Illuminate\Routing\{closure}(Object(Illuminate\Http\Request))
#40 [internal function]: Illuminate\Cookie\Middleware\AddQueuedCookiesToResponse->handle(Object(Illuminate\Http\Request), Object(Closure))
#41 D:\wamp\www\laravel5.2_forum\vendor\laravel\framework\src\Illuminate\Pipeline\Pipeline.php(124): call_user_func_array(Array, Array)
#42 [internal function]: Illuminate\Pipeline\Pipeline->Illuminate\Pipeline\{closure}(Object(Illuminate\Http\Request))
#43 D:\wamp\www\laravel5.2_forum\vendor\laravel\framework\src\Illuminate\Routing\Pipeline.php(32): call_user_func(Object(Closure), Object(Illuminate\Http\Request))
#44 D:\wamp\www\laravel5.2_forum\vendor\laravel\framework\src\Illuminate\Cookie\Middleware\EncryptCookies.php(59): Illuminate\Routing\Pipeline->Illuminate\Routing\{closure}(Object(Illuminate\Http\Request))
#45 [internal function]: Illuminate\Cookie\Middleware\EncryptCookies->handle(Object(Illuminate\Http\Request), Object(Closure))
#46 D:\wamp\www\laravel5.2_forum\vendor\laravel\framework\src\Illuminate\Pipeline\Pipeline.php(124): call_user_func_array(Array, Array)
#47 [internal function]: Illuminate\Pipeline\Pipeline->Illuminate\Pipeline\{closure}(Object(Illuminate\Http\Request))
#48 D:\wamp\www\laravel5.2_forum\vendor\laravel\framework\src\Illuminate\Routing\Pipeline.php(32): call_user_func(Object(Closure), Object(Illuminate\Http\Request))
#49 [internal function]: Illuminate\Routing\Pipeline->Illuminate\Routing\{closure}(Object(Illuminate\Http\Request))
#50 D:\wamp\www\laravel5.2_forum\vendor\laravel\framework\src\Illuminate\Pipeline\Pipeline.php(103): call_user_func(Object(Closure), Object(Illuminate\Http\Request))
#51 D:\wamp\www\laravel5.2_forum\vendor\laravel\framework\src\Illuminate\Routing\Router.php(726): Illuminate\Pipeline\Pipeline->then(Object(Closure))
#52 D:\wamp\www\laravel5.2_forum\vendor\laravel\framework\src\Illuminate\Routing\Router.php(699): Illuminate\Routing\Router->runRouteWithinStack(Object(Illuminate\Routing\Route), Object(Illuminate\Http\Request))
#53 D:\wamp\www\laravel5.2_forum\vendor\laravel\framework\src\Illuminate\Routing\Router.php(675): Illuminate\Routing\Router->dispatchToRoute(Object(Illuminate\Http\Request))
#54 D:\wamp\www\laravel5.2_forum\vendor\laravel\framework\src\Illuminate\Foundation\Http\Kernel.php(246): Illuminate\Routing\Router->dispatch(Object(Illuminate\Http\Request))
#55 [internal function]: Illuminate\Foundation\Http\Kernel->Illuminate\Foundation\Http\{closure}(Object(Illuminate\Http\Request))
#56 D:\wamp\www\laravel5.2_forum\vendor\laravel\framework\src\Illuminate\Routing\Pipeline.php(52): call_user_func(Object(Closure), Object(Illuminate\Http\Request))
#57 D:\wamp\www\laravel5.2_forum\vendor\laravel\framework\src\Illuminate\Foundation\Http\Middleware\CheckForMaintenanceMode.php(44): Illuminate\Routing\Pipeline->Illuminate\Routing\{closure}(Object(Illuminate\Http\Request))
#58 [internal function]: Illuminate\Foundation\Http\Middleware\CheckForMaintenanceMode->handle(Object(Illuminate\Http\Request), Object(Closure))
#59 D:\wamp\www\laravel5.2_forum\vendor\laravel\framework\src\Illuminate\Pipeline\Pipeline.php(124): call_user_func_array(Array, Array)
#60 [internal function]: Illuminate\Pipeline\Pipeline->Illuminate\Pipeline\{closure}(Object(Illuminate\Http\Request))
#61 D:\wamp\www\laravel5.2_forum\vendor\laravel\framework\src\Illuminate\Routing\Pipeline.php(32): call_user_func(Object(Closure), Object(Illuminate\Http\Request))
#62 [internal function]: Illuminate\Routing\Pipeline->Illuminate\Routing\{closure}(Object(Illuminate\Http\Request))
#63 D:\wamp\www\laravel5.2_forum\vendor\laravel\framework\src\Illuminate\Pipeline\Pipeline.php(103): call_user_func(Object(Closure), Object(Illuminate\Http\Request))
#64 D:\wamp\www\laravel5.2_forum\vendor\laravel\framework\src\Illuminate\Foundation\Http\Kernel.php(132): Illuminate\Pipeline\Pipeline->then(Object(Closure))
#65 D:\wamp\www\laravel5.2_forum\vendor\laravel\framework\src\Illuminate\Foundation\Http\Kernel.php(99): Illuminate\Foundation\Http\Kernel->sendRequestThroughRouter(Object(Illuminate\Http\Request))
#66 D:\wamp\www\laravel5.2_forum\public\index.php(59): Illuminate\Foundation\Http\Kernel->handle(Object(Illuminate\Http\Request))
#67 {main}  
[2017-01-11 08:03:49] local.ERROR: exception 'ErrorException' with message 'file_put_contents(D:\wamp\www\shequ\storage\framework/sessions/ba4772a87b2eba1a0c5c3e1de92bddb9a68c0c45): failed to open stream: No such file or directory' in D:\wamp\www\laravel5.2_forum\vendor\laravel\framework\src\Illuminate\Filesystem\Filesystem.php:81
Stack trace:
#0 [internal function]: Illuminate\Foundation\Bootstrap\HandleExceptions->handleError(2, 'file_put_conten...', 'D:\\wamp\\www\\lar...', 81, Array)
#1 D:\wamp\www\laravel5.2_forum\vendor\laravel\framework\src\Illuminate\Filesystem\Filesystem.php(81): file_put_contents('D:\\wamp\\www\\she...', 'a:4:{s:6:"_toke...', 2)
#2 D:\wamp\www\laravel5.2_forum\vendor\laravel\framework\src\Illuminate\Session\FileSessionHandler.php(71): Illuminate\Filesystem\Filesystem->put('D:\\wamp\\www\\she...', 'a:4:{s:6:"_toke...', true)
#3 D:\wamp\www\laravel5.2_forum\vendor\laravel\framework\src\Illuminate\Session\Store.php(262): Illuminate\Session\FileSessionHandler->write('ba4772a87b2eba1...', 'a:4:{s:6:"_toke...')
#4 D:\wamp\www\laravel5.2_forum\vendor\laravel\framework\src\Illuminate\Session\Middleware\StartSession.php(88): Illuminate\Session\Store->save()
#5 D:\wamp\www\laravel5.2_forum\vendor\laravel\framework\src\Illuminate\Foundation\Http\Kernel.php(155): Illuminate\Session\Middleware\StartSession->terminate(Object(Illuminate\Http\Request), Object(Illuminate\Http\Response))
#6 D:\wamp\www\laravel5.2_forum\public\index.php(63): Illuminate\Foundation\Http\Kernel->terminate(Object(Illuminate\Http\Request), Object(Illuminate\Http\Response))
#7 {main}  
[2017-01-11 08:04:35] local.ERROR: exception 'ErrorException' with message 'file_put_contents(D:\wamp\www\laravel5.2_forum\storage\framework/sessions/ba4772a87b2eba1a0c5c3e1de92bddb9a68c0c45): failed to open stream: No such file or directory' in D:\wamp\www\laravel5.2_forum\vendor\laravel\framework\src\Illuminate\Filesystem\Filesystem.php:81
Stack trace:
#0 [internal function]: Illuminate\Foundation\Bootstrap\HandleExceptions->handleError(2, 'file_put_conten...', 'D:\\wamp\\www\\lar...', 81, Array)
#1 D:\wamp\www\laravel5.2_forum\vendor\laravel\framework\src\Illuminate\Filesystem\Filesystem.php(81): file_put_contents('D:\\wamp\\www\\lar...', 'a:4:{s:6:"_toke...', 2)
#2 D:\wamp\www\laravel5.2_forum\vendor\laravel\framework\src\Illuminate\Session\FileSessionHandler.php(71): Illuminate\Filesystem\Filesystem->put('D:\\wamp\\www\\lar...', 'a:4:{s:6:"_toke...', true)
#3 D:\wamp\www\laravel5.2_forum\vendor\laravel\framework\src\Illuminate\Session\Store.php(262): Illuminate\Session\FileSessionHandler->write('ba4772a87b2eba1...', 'a:4:{s:6:"_toke...')
#4 D:\wamp\www\laravel5.2_forum\vendor\laravel\framework\src\Illuminate\Session\Middleware\StartSession.php(88): Illuminate\Session\Store->save()
#5 D:\wamp\www\laravel5.2_forum\vendor\laravel\framework\src\Illuminate\Foundation\Http\Kernel.php(155): Illuminate\Session\Middleware\StartSession->terminate(Object(Illuminate\Http\Request), Object(Illuminate\Http\Response))
#6 D:\wamp\www\laravel5.2_forum\public\index.php(63): Illuminate\Foundation\Http\Kernel->terminate(Object(Illuminate\Http\Request), Object(Illuminate\Http\Response))
#7 {main}  
[2017-01-11 08:04:38] local.ERROR: exception 'ErrorException' with message 'file_put_contents(D:\wamp\www\laravel5.2_forum\storage\framework/sessions/ba4772a87b2eba1a0c5c3e1de92bddb9a68c0c45): failed to open stream: No such file or directory' in D:\wamp\www\laravel5.2_forum\vendor\laravel\framework\src\Illuminate\Filesystem\Filesystem.php:81
Stack trace:
#0 [internal function]: Illuminate\Foundation\Bootstrap\HandleExceptions->handleError(2, 'file_put_conten...', 'D:\\wamp\\www\\lar...', 81, Array)
#1 D:\wamp\www\laravel5.2_forum\vendor\laravel\framework\src\Illuminate\Filesystem\Filesystem.php(81): file_put_contents('D:\\wamp\\www\\lar...', 'a:4:{s:6:"_toke...', 2)
#2 D:\wamp\www\laravel5.2_forum\vendor\laravel\framework\src\Illuminate\Session\FileSessionHandler.php(71): Illuminate\Filesystem\Filesystem->put('D:\\wamp\\www\\lar...', 'a:4:{s:6:"_toke...', true)
#3 D:\wamp\www\laravel5.2_forum\vendor\laravel\framework\src\Illuminate\Session\Store.php(262): Illuminate\Session\FileSessionHandler->write('ba4772a87b2eba1...', 'a:4:{s:6:"_toke...')
#4 D:\wamp\www\laravel5.2_forum\vendor\laravel\framework\src\Illuminate\Session\Middleware\StartSession.php(88): Illuminate\Session\Store->save()
#5 D:\wamp\www\laravel5.2_forum\vendor\laravel\framework\src\Illuminate\Foundation\Http\Kernel.php(155): Illuminate\Session\Middleware\StartSession->terminate(Object(Illuminate\Http\Request), Object(Illuminate\Http\Response))
#6 D:\wamp\www\laravel5.2_forum\public\index.php(63): Illuminate\Foundation\Http\Kernel->terminate(Object(Illuminate\Http\Request), Object(Illuminate\Http\Response))
#7 {main}  
[2017-01-11 08:05:27] local.ERROR: exception 'ErrorException' with message 'file_put_contents(D:\wamp\www\laravel5.2_forum\storage\framework/sessions/ba4772a87b2eba1a0c5c3e1de92bddb9a68c0c45): failed to open stream: No such file or directory' in D:\wamp\www\laravel5.2_forum\vendor\laravel\framework\src\Illuminate\Filesystem\Filesystem.php:81
Stack trace:
#0 [internal function]: Illuminate\Foundation\Bootstrap\HandleExceptions->handleError(2, 'file_put_conten...', 'D:\\wamp\\www\\lar...', 81, Array)
#1 D:\wamp\www\laravel5.2_forum\vendor\laravel\framework\src\Illuminate\Filesystem\Filesystem.php(81): file_put_contents('D:\\wamp\\www\\lar...', 'a:4:{s:6:"_toke...', 2)
#2 D:\wamp\www\laravel5.2_forum\vendor\laravel\framework\src\Illuminate\Session\FileSessionHandler.php(71): Illuminate\Filesystem\Filesystem->put('D:\\wamp\\www\\lar...', 'a:4:{s:6:"_toke...', true)
#3 D:\wamp\www\laravel5.2_forum\vendor\laravel\framework\src\Illuminate\Session\Store.php(262): Illuminate\Session\FileSessionHandler->write('ba4772a87b2eba1...', 'a:4:{s:6:"_toke...')
#4 D:\wamp\www\laravel5.2_forum\vendor\laravel\framework\src\Illuminate\Session\Middleware\StartSession.php(88): Illuminate\Session\Store->save()
#5 D:\wamp\www\laravel5.2_forum\vendor\laravel\framework\src\Illuminate\Foundation\Http\Kernel.php(155): Illuminate\Session\Middleware\StartSession->terminate(Object(Illuminate\Http\Request), Object(Illuminate\Http\Response))
#6 D:\wamp\www\laravel5.2_forum\public\index.php(63): Illuminate\Foundation\Http\Kernel->terminate(Object(Illuminate\Http\Request), Object(Illuminate\Http\Response))
#7 {main}  
[2017-01-11 08:05:39] local.ERROR: exception 'ErrorException' with message 'file_put_contents(D:\wamp\www\laravel5.2_forum\storage\framework/sessions/ba4772a87b2eba1a0c5c3e1de92bddb9a68c0c45): failed to open stream: No such file or directory' in D:\wamp\www\laravel5.2_forum\vendor\laravel\framework\src\Illuminate\Filesystem\Filesystem.php:81
Stack trace:
#0 [internal function]: Illuminate\Foundation\Bootstrap\HandleExceptions->handleError(2, 'file_put_conten...', 'D:\\wamp\\www\\lar...', 81, Array)
#1 D:\wamp\www\laravel5.2_forum\vendor\laravel\framework\src\Illuminate\Filesystem\Filesystem.php(81): file_put_contents('D:\\wamp\\www\\lar...', 'a:4:{s:6:"_toke...', 2)
#2 D:\wamp\www\laravel5.2_forum\vendor\laravel\framework\src\Illuminate\Session\FileSessionHandler.php(71): Illuminate\Filesystem\Filesystem->put('D:\\wamp\\www\\lar...', 'a:4:{s:6:"_toke...', true)
#3 D:\wamp\www\laravel5.2_forum\vendor\laravel\framework\src\Illuminate\Session\Store.php(262): Illuminate\Session\FileSessionHandler->write('ba4772a87b2eba1...', 'a:4:{s:6:"_toke...')
#4 D:\wamp\www\laravel5.2_forum\vendor\laravel\framework\src\Illuminate\Session\Middleware\StartSession.php(88): Illuminate\Session\Store->save()
#5 D:\wamp\www\laravel5.2_forum\vendor\laravel\framework\src\Illuminate\Foundation\Http\Kernel.php(155): Illuminate\Session\Middleware\StartSession->terminate(Object(Illuminate\Http\Request), Object(Illuminate\Http\Response))
#6 D:\wamp\www\laravel5.2_forum\public\index.php(63): Illuminate\Foundation\Http\Kernel->terminate(Object(Illuminate\Http\Request), Object(Illuminate\Http\Response))
#7 {main}  
[2017-01-11 08:06:06] local.ERROR: exception 'ErrorException' with message 'file_put_contents(D:\wamp\www\laravel5.2_forum\storage\framework/sessions/ba4772a87b2eba1a0c5c3e1de92bddb9a68c0c45): failed to open stream: No such file or directory' in D:\wamp\www\laravel5.2_forum\vendor\laravel\framework\src\Illuminate\Filesystem\Filesystem.php:81
Stack trace:
#0 [internal function]: Illuminate\Foundation\Bootstrap\HandleExceptions->handleError(2, 'file_put_conten...', 'D:\\wamp\\www\\lar...', 81, Array)
#1 D:\wamp\www\laravel5.2_forum\vendor\laravel\framework\src\Illuminate\Filesystem\Filesystem.php(81): file_put_contents('D:\\wamp\\www\\lar...', 'a:4:{s:6:"_toke...', 2)
#2 D:\wamp\www\laravel5.2_forum\vendor\laravel\framework\src\Illuminate\Session\FileSessionHandler.php(71): Illuminate\Filesystem\Filesystem->put('D:\\wamp\\www\\lar...', 'a:4:{s:6:"_toke...', true)
#3 D:\wamp\www\laravel5.2_forum\vendor\laravel\framework\src\Illuminate\Session\Store.php(262): Illuminate\Session\FileSessionHandler->write('ba4772a87b2eba1...', 'a:4:{s:6:"_toke...')
#4 D:\wamp\www\laravel5.2_forum\vendor\laravel\framework\src\Illuminate\Session\Middleware\StartSession.php(88): Illuminate\Session\Store->save()
#5 D:\wamp\www\laravel5.2_forum\vendor\laravel\framework\src\Illuminate\Foundation\Http\Kernel.php(155): Illuminate\Session\Middleware\StartSession->terminate(Object(Illuminate\Http\Request), Object(Illuminate\Http\Response))
#6 D:\wamp\www\laravel5.2_forum\public\index.php(63): Illuminate\Foundation\Http\Kernel->terminate(Object(Illuminate\Http\Request), Object(Illuminate\Http\Response))
#7 {main}  
[2017-01-11 08:06:11] local.ERROR: exception 'ErrorException' with message 'file_put_contents(D:\wamp\www\laravel5.2_forum\storage\framework/sessions/ba4772a87b2eba1a0c5c3e1de92bddb9a68c0c45): failed to open stream: No such file or directory' in D:\wamp\www\laravel5.2_forum\vendor\laravel\framework\src\Illuminate\Filesystem\Filesystem.php:81
Stack trace:
#0 [internal function]: Illuminate\Foundation\Bootstrap\HandleExceptions->handleError(2, 'file_put_conten...', 'D:\\wamp\\www\\lar...', 81, Array)
#1 D:\wamp\www\laravel5.2_forum\vendor\laravel\framework\src\Illuminate\Filesystem\Filesystem.php(81): file_put_contents('D:\\wamp\\www\\lar...', 'a:4:{s:6:"_toke...', 2)
#2 D:\wamp\www\laravel5.2_forum\vendor\laravel\framework\src\Illuminate\Session\FileSessionHandler.php(71): Illuminate\Filesystem\Filesystem->put('D:\\wamp\\www\\lar...', 'a:4:{s:6:"_toke...', true)
#3 D:\wamp\www\laravel5.2_forum\vendor\laravel\framework\src\Illuminate\Session\Store.php(262): Illuminate\Session\FileSessionHandler->write('ba4772a87b2eba1...', 'a:4:{s:6:"_toke...')
#4 D:\wamp\www\laravel5.2_forum\vendor\laravel\framework\src\Illuminate\Session\Middleware\StartSession.php(88): Illuminate\Session\Store->save()
#5 D:\wamp\www\laravel5.2_forum\vendor\laravel\framework\src\Illuminate\Foundation\Http\Kernel.php(155): Illuminate\Session\Middleware\StartSession->terminate(Object(Illuminate\Http\Request), Object(Illuminate\Http\Response))
#6 D:\wamp\www\laravel5.2_forum\public\index.php(63): Illuminate\Foundation\Http\Kernel->terminate(Object(Illuminate\Http\Request), Object(Illuminate\Http\Response))
#7 {main}  
[2017-01-11 08:07:05] local.ERROR: exception 'ErrorException' with message 'file_put_contents(D:\wamp\www\laravel5.2_forum\storage\framework/sessions/ba4772a87b2eba1a0c5c3e1de92bddb9a68c0c45): failed to open stream: No such file or directory' in D:\wamp\www\laravel5.2_forum\vendor\laravel\framework\src\Illuminate\Filesystem\Filesystem.php:81
Stack trace:
#0 [internal function]: Illuminate\Foundation\Bootstrap\HandleExceptions->handleError(2, 'file_put_conten...', 'D:\\wamp\\www\\lar...', 81, Array)
#1 D:\wamp\www\laravel5.2_forum\vendor\laravel\framework\src\Illuminate\Filesystem\Filesystem.php(81): file_put_contents('D:\\wamp\\www\\lar...', 'a:4:{s:6:"_toke...', 2)
#2 D:\wamp\www\laravel5.2_forum\vendor\laravel\framework\src\Illuminate\Session\FileSessionHandler.php(71): Illuminate\Filesystem\Filesystem->put('D:\\wamp\\www\\lar...', 'a:4:{s:6:"_toke...', true)
#3 D:\wamp\www\laravel5.2_forum\vendor\laravel\framework\src\Illuminate\Session\Store.php(262): Illuminate\Session\FileSessionHandler->write('ba4772a87b2eba1...', 'a:4:{s:6:"_toke...')
#4 D:\wamp\www\laravel5.2_forum\vendor\laravel\framework\src\Illuminate\Session\Middleware\StartSession.php(88): Illuminate\Session\Store->save()
#5 D:\wamp\www\laravel5.2_forum\vendor\laravel\framework\src\Illuminate\Foundation\Http\Kernel.php(155): Illuminate\Session\Middleware\StartSession->terminate(Object(Illuminate\Http\Request), Object(Illuminate\Http\Response))
#6 D:\wamp\www\laravel5.2_forum\public\index.php(63): Illuminate\Foundation\Http\Kernel->terminate(Object(Illuminate\Http\Request), Object(Illuminate\Http\Response))
#7 {main}  
